2014-06-06 17:31:15.978 HelloCordova[8032:70b] Multi-tasking -> Device: YES, App: YES
2014-06-06 17:31:16.580 HelloCordova[8032:70b] Unlimited access to network resources
2014-06-06 17:31:22.091 HelloCordova[8032:70b] [CDVTimer][keyboard] 38.609982ms
2014-06-06 17:31:22.092 HelloCordova[8032:70b] CDVPlugin class CDVStatusBar (pluginName: statusbar) does not exist.
2014-06-06 17:31:22.092 HelloCordova[8032:70b] [CDVTimer][statusbar] 0.477016ms
2014-06-06 17:31:22.093 HelloCordova[8032:70b] [CDVTimer][TotalPluginStartup] 40.464997ms
2014-06-06 17:31:24.308 HelloCordova[8040:70b] Multi-tasking -> Device: YES, App: YES
2014-06-06 17:31:24.319 HelloCordova[8040:70b] Unlimited access to network resources
2014-06-06 17:31:24.343 HelloCordova[8040:70b] [CDVTimer][keyboard] 0.101984ms
2014-06-06 17:31:24.344 HelloCordova[8040:70b] CDVPlugin class CDVStatusBar (pluginName: statusbar) does not exist.
2014-06-06 17:31:24.344 HelloCordova[8040:70b] [CDVTimer][statusbar] 0.501990ms
2014-06-06 17:31:24.345 HelloCordova[8040:70b] [CDVTimer][TotalPluginStartup] 1.757026ms
2014-06-06 17:31:24.506 HelloCordova[8040:70b] Resetting plugins due to page load.
2014-06-06 17:31:25.291 HelloCordova[8040:70b] Finished load of: file:///Users/lenni/Library/Application%20Support/iPhone%20Simulator/7.1/Applications/1819EA19-F530-41B2-A6EC-05B36C957AB6/HelloCordova.app/www/index.html
2014-06-06 17:31:25.353 HelloCordova[8040:70b] THREAD WARNING: ['Device'] took '12.289062' ms. Plugin should use a background thread.
2014-06-06 17:34:12.668 HelloCordova[8427:70b] Multi-tasking -> Device: YES, App: YES
2014-06-06 17:34:12.689 HelloCordova[8427:70b] Unlimited access to network resources
2014-06-06 17:34:12.767 HelloCordova[8427:70b] [CDVTimer][keyboard] 0.100017ms
2014-06-06 17:34:12.767 HelloCordova[8427:70b] CDVPlugin class CDVStatusBar (pluginName: statusbar) does not exist.
2014-06-06 17:34:12.768 HelloCordova[8427:70b] [CDVTimer][statusbar] 0.365019ms
2014-06-06 17:34:12.768 HelloCordova[8427:70b] [CDVTimer][TotalPluginStartup] 1.146972ms
2014-06-06 17:34:12.913 HelloCordova[8427:70b] Resetting plugins due to page load.
2014-06-06 17:34:13.304 HelloCordova[8427:70b] Finished load of: file:///Users/lenni/Library/Application%20Support/iPhone%20Simulator/7.1/Applications/1819EA19-F530-41B2-A6EC-05B36C957AB6/HelloCordova.app/www/index.html
2014-06-06 17:44:25.848 HelloCordova[8971:70b] Multi-tasking -> Device: YES, App: YES
2014-06-06 17:44:25.873 HelloCordova[8971:70b] Unlimited access to network resources
2014-06-06 17:44:25.911 HelloCordova[8971:70b] [CDVTimer][keyboard] 0.104010ms
2014-06-06 17:44:25.911 HelloCordova[8971:70b] CDVPlugin class CDVStatusBar (pluginName: statusbar) does not exist.
2014-06-06 17:44:25.912 HelloCordova[8971:70b] [CDVTimer][statusbar] 0.284970ms
2014-06-06 17:44:25.912 HelloCordova[8971:70b] [CDVTimer][TotalPluginStartup] 1.102030ms
2014-06-06 17:44:26.916 HelloCordova[8971:70b] Resetting plugins due to page load.
2014-06-06 17:44:27.404 HelloCordova[8971:70b] Finished load of: file:///Users/lenni/Library/Application%20Support/iPhone%20Simulator/7.1/Applications/1819EA19-F530-41B2-A6EC-05B36C957AB6/HelloCordova.app/www/index.html
2014-06-06 17:45:21.164 HelloCordova[9147:70b] Multi-tasking -> Device: YES, App: YES
2014-06-06 17:45:21.187 HelloCordova[9147:70b] Unlimited access to network resources
2014-06-06 17:45:21.227 HelloCordova[9147:70b] [CDVTimer][keyboard] 0.096023ms
2014-06-06 17:45:21.227 HelloCordova[9147:70b] CDVPlugin class CDVStatusBar (pluginName: statusbar) does not exist.
2014-06-06 17:45:21.228 HelloCordova[9147:70b] [CDVTimer][statusbar] 0.283003ms
2014-06-06 17:45:21.228 HelloCordova[9147:70b] [CDVTimer][TotalPluginStartup] 1.088977ms
2014-06-06 17:45:21.728 HelloCordova[9147:70b] Resetting plugins due to page load.
2014-06-06 17:45:21.938 HelloCordova[9147:70b] Finished load of: file:///Users/lenni/Library/Application%20Support/iPhone%20Simulator/7.1/Applications/1819EA19-F530-41B2-A6EC-05B36C957AB6/HelloCordova.app/www/index.html
objc[9147]: Class AXEmojiUtilities is implemented in both /Applications/Xcode.app/Contents/Developer/Platforms/iPhoneSimulator.platform/Developer/SDKs/iPhoneSimulator7.1.sdk/System/Library/PrivateFrameworks/AccessibilityUtilities.framework/AccessibilityUtilities and /Applications/Xcode.app/Contents/Developer/Platforms/iPhoneSimulator.platform/Developer/SDKs/iPhoneSimulator7.1.sdk/usr/lib/libAXSpeechManager.dylib. One of the two will be used. Which one is undefined.
2014-06-06 17:46:10.114 HelloCordova[9147:70b] Cannot find executable for CFBundle 0xa2ecbe0 </Applications/Xcode.app/Contents/Developer/Platforms/iPhoneSimulator.platform/Developer/SDKs/iPhoneSimulator7.1.sdk/System/Library/AccessibilityBundles/GeoServices.axbundle> (not loaded)
2014-06-06 17:46:10.268 HelloCordova[9147:70b] Cannot find executable for CFBundle 0xa318850 </Applications/Xcode.app/Contents/Developer/Platforms/iPhoneSimulator.platform/Developer/SDKs/iPhoneSimulator7.1.sdk/System/Library/AccessibilityBundles/MusicLibrary.axbundle> (not loaded)
2014-06-06 17:46:10.301 HelloCordova[9147:70b] Cannot find executable for CFBundle 0xa2ef540 </Applications/Xcode.app/Contents/Developer/Platforms/iPhoneSimulator.platform/Developer/SDKs/iPhoneSimulator7.1.sdk/System/Library/AccessibilityBundles/CertUIFramework.axbundle> (not loaded)
objc[9517]: Class AXEmojiUtilities is implemented in both /Applications/Xcode.app/Contents/Developer/Platforms/iPhoneSimulator.platform/Developer/SDKs/iPhoneSimulator7.1.sdk/System/Library/PrivateFrameworks/AccessibilityUtilities.framework/AccessibilityUtilities and /Applications/Xcode.app/Contents/Developer/Platforms/iPhoneSimulator.platform/Developer/SDKs/iPhoneSimulator7.1.sdk/usr/lib/libAXSpeechManager.dylib. One of the two will be used. Which one is undefined.
2014-06-06 17:48:21.013 HelloCordova[9517:70b] Cannot find executable for CFBundle 0xa27c6e0 </Applications/Xcode.app/Contents/Developer/Platforms/iPhoneSimulator.platform/Developer/SDKs/iPhoneSimulator7.1.sdk/System/Library/AccessibilityBundles/GeoServices.axbundle> (not loaded)
2014-06-06 17:48:21.028 HelloCordova[9517:70b] Cannot find executable for CFBundle 0xa44c260 </Applications/Xcode.app/Contents/Developer/Platforms/iPhoneSimulator.platform/Developer/SDKs/iPhoneSimulator7.1.sdk/System/Library/AccessibilityBundles/CertUIFramework.axbundle> (not loaded)
2014-06-06 17:48:21.282 HelloCordova[9517:70b] Multi-tasking -> Device: YES, App: YES
2014-06-06 17:48:21.292 HelloCordova[9517:70b] Unlimited access to network resources
2014-06-06 17:48:21.345 HelloCordova[9517:70b] [CDVTimer][keyboard] 0.104964ms
2014-06-06 17:48:21.346 HelloCordova[9517:70b] CDVPlugin class CDVStatusBar (pluginName: statusbar) does not exist.
2014-06-06 17:48:21.346 HelloCordova[9517:70b] [CDVTimer][statusbar] 0.277996ms
2014-06-06 17:48:21.346 HelloCordova[9517:70b] [CDVTimer][TotalPluginStartup] 1.071990ms
2014-06-06 17:48:22.451 HelloCordova[9517:70b] Resetting plugins due to page load.
2014-06-06 17:48:22.870 HelloCordova[9517:70b] Finished load of: file:///Users/lenni/Library/Application%20Support/iPhone%20Simulator/7.1/Applications/1819EA19-F530-41B2-A6EC-05B36C957AB6/HelloCordova.app/www/index.html
2014-06-06 17:48:22.932 HelloCordova[9517:70b] THREAD WARNING: ['Device'] took '15.260986' ms. Plugin should use a background thread.
objc[9719]: Class AXEmojiUtilities is implemented in both /Applications/Xcode.app/Contents/Developer/Platforms/iPhoneSimulator.platform/Developer/SDKs/iPhoneSimulator7.1.sdk/System/Library/PrivateFrameworks/AccessibilityUtilities.framework/AccessibilityUtilities and /Applications/Xcode.app/Contents/Developer/Platforms/iPhoneSimulator.platform/Developer/SDKs/iPhoneSimulator7.1.sdk/usr/lib/libAXSpeechManager.dylib. One of the two will be used. Which one is undefined.
2014-06-06 17:51:39.512 HelloCordova[9719:70b] Cannot find executable for CFBundle 0xa353450 </Applications/Xcode.app/Contents/Developer/Platforms/iPhoneSimulator.platform/Developer/SDKs/iPhoneSimulator7.1.sdk/System/Library/AccessibilityBundles/GeoServices.axbundle> (not loaded)
2014-06-06 17:51:39.525 HelloCordova[9719:70b] Cannot find executable for CFBundle 0xa280250 </Applications/Xcode.app/Contents/Developer/Platforms/iPhoneSimulator.platform/Developer/SDKs/iPhoneSimulator7.1.sdk/System/Library/AccessibilityBundles/CertUIFramework.axbundle> (not loaded)
2014-06-06 17:51:40.436 HelloCordova[9719:70b] Multi-tasking -> Device: YES, App: YES
2014-06-06 17:51:40.444 HelloCordova[9719:70b] Unlimited access to network resources
2014-06-06 17:51:40.510 HelloCordova[9719:70b] [CDVTimer][keyboard] 0.114977ms
2014-06-06 17:51:40.511 HelloCordova[9719:70b] CDVPlugin class CDVStatusBar (pluginName: statusbar) does not exist.
2014-06-06 17:51:40.511 HelloCordova[9719:70b] [CDVTimer][statusbar] 0.284016ms
2014-06-06 17:51:40.511 HelloCordova[9719:70b] [CDVTimer][TotalPluginStartup] 1.089990ms
2014-06-06 17:51:41.722 HelloCordova[9719:70b] Resetting plugins due to page load.
2014-06-06 17:51:42.101 HelloCordova[9719:70b] Finished load of: file:///Users/lenni/Library/Application%20Support/iPhone%20Simulator/7.1/Applications/1819EA19-F530-41B2-A6EC-05B36C957AB6/HelloCordova.app/www/index.html
objc[9934]: Class AXEmojiUtilities is implemented in both /Applications/Xcode.app/Contents/Developer/Platforms/iPhoneSimulator.platform/Developer/SDKs/iPhoneSimulator7.1.sdk/System/Library/PrivateFrameworks/AccessibilityUtilities.framework/AccessibilityUtilities and /Applications/Xcode.app/Contents/Developer/Platforms/iPhoneSimulator.platform/Developer/SDKs/iPhoneSimulator7.1.sdk/usr/lib/libAXSpeechManager.dylib. One of the two will be used. Which one is undefined.
2014-06-06 17:52:45.640 HelloCordova[9934:70b] Cannot find executable for CFBundle 0xa368210 </Applications/Xcode.app/Contents/Developer/Platforms/iPhoneSimulator.platform/Developer/SDKs/iPhoneSimulator7.1.sdk/System/Library/AccessibilityBundles/GeoServices.axbundle> (not loaded)
2014-06-06 17:52:45.676 HelloCordova[9934:70b] Cannot find executable for CFBundle 0xa2ca320 </Applications/Xcode.app/Contents/Developer/Platforms/iPhoneSimulator.platform/Developer/SDKs/iPhoneSimulator7.1.sdk/System/Library/AccessibilityBundles/CertUIFramework.axbundle> (not loaded)
2014-06-06 17:52:45.794 HelloCordova[9934:70b] Multi-tasking -> Device: YES, App: YES
2014-06-06 17:52:45.803 HelloCordova[9934:70b] Unlimited access to network resources
2014-06-06 17:52:45.843 HelloCordova[9934:70b] [CDVTimer][keyboard] 0.108004ms
2014-06-06 17:52:45.903 HelloCordova[9934:70b] CDVPlugin class CDVStatusBar (pluginName: statusbar) does not exist.
2014-06-06 17:52:45.903 HelloCordova[9934:70b] [CDVTimer][statusbar] 0.553012ms
2014-06-06 17:52:45.904 HelloCordova[9934:70b] [CDVTimer][TotalPluginStartup] 60.847044ms
2014-06-06 17:52:46.045 HelloCordova[9934:70b] Resetting plugins due to page load.
2014-06-06 17:52:46.425 HelloCordova[9934:70b] Finished load of: file:///Users/lenni/Library/Application%20Support/iPhone%20Simulator/7.1/Applications/1819EA19-F530-41B2-A6EC-05B36C957AB6/HelloCordova.app/www/index.html
objc[10118]: Class AXEmojiUtilities is implemented in both /Applications/Xcode.app/Contents/Developer/Platforms/iPhoneSimulator.platform/Developer/SDKs/iPhoneSimulator7.1.sdk/System/Library/PrivateFrameworks/AccessibilityUtilities.framework/AccessibilityUtilities and /Applications/Xcode.app/Contents/Developer/Platforms/iPhoneSimulator.platform/Developer/SDKs/iPhoneSimulator7.1.sdk/usr/lib/libAXSpeechManager.dylib. One of the two will be used. Which one is undefined.
2014-06-06 17:54:20.428 HelloCordova[10118:70b] Cannot find executable for CFBundle 0xa4a6460 </Applications/Xcode.app/Contents/Developer/Platforms/iPhoneSimulator.platform/Developer/SDKs/iPhoneSimulator7.1.sdk/System/Library/AccessibilityBundles/GeoServices.axbundle> (not loaded)
2014-06-06 17:54:20.437 HelloCordova[10118:70b] Cannot find executable for CFBundle 0xa2c6f90 </Applications/Xcode.app/Contents/Developer/Platforms/iPhoneSimulator.platform/Developer/SDKs/iPhoneSimulator7.1.sdk/System/Library/AccessibilityBundles/CertUIFramework.axbundle> (not loaded)
2014-06-06 17:54:20.563 HelloCordova[10118:70b] Multi-tasking -> Device: YES, App: YES
2014-06-06 17:54:20.584 HelloCordova[10118:70b] Unlimited access to network resources
2014-06-06 17:54:20.609 HelloCordova[10118:70b] [CDVTimer][keyboard] 0.114977ms
2014-06-06 17:54:20.610 HelloCordova[10118:70b] CDVPlugin class CDVStatusBar (pluginName: statusbar) does not exist.
2014-06-06 17:54:20.610 HelloCordova[10118:70b] [CDVTimer][statusbar] 0.458956ms
2014-06-06 17:54:20.611 HelloCordova[10118:70b] [CDVTimer][TotalPluginStartup] 1.675010ms
2014-06-06 17:54:20.994 HelloCordova[10118:70b] Resetting plugins due to page load.
2014-06-06 17:54:21.259 HelloCordova[10118:70b] Finished load of: file:///Users/lenni/Library/Application%20Support/iPhone%20Simulator/7.1/Applications/1819EA19-F530-41B2-A6EC-05B36C957AB6/HelloCordova.app/www/index.html
2014-06-06 17:54:21.397 HelloCordova[10118:70b] *** Assertion failure in -[UIApplication runModal:](), /SourceCache/UIKit_Sim/UIKit-2935.137/UIApplication.m:9585
2014-06-06 17:54:21.513 HelloCordova[10118:70b] *** WebKit discarded an uncaught exception in the webView:runJavaScriptAlertPanelWithMessage:initiatedByFrame: delegate: <NSInternalInconsistencyException> The view passed in does not have a window.
2014-06-06 17:54:22.255 HelloCordova[10118:70b] *** Assertion failure in -[UIApplication runModal:](), /SourceCache/UIKit_Sim/UIKit-2935.137/UIApplication.m:9585
2014-06-06 17:54:22.256 HelloCordova[10118:70b] *** WebKit discarded an uncaught exception in the webView:runJavaScriptAlertPanelWithMessage:initiatedByFrame: delegate: <NSInternalInconsistencyException> The view passed in does not have a window.
objc[10289]: Class AXEmojiUtilities is implemented in both /Applications/Xcode.app/Contents/Developer/Platforms/iPhoneSimulator.platform/Developer/SDKs/iPhoneSimulator7.1.sdk/System/Library/PrivateFrameworks/AccessibilityUtilities.framework/AccessibilityUtilities and /Applications/Xcode.app/Contents/Developer/Platforms/iPhoneSimulator.platform/Developer/SDKs/iPhoneSimulator7.1.sdk/usr/lib/libAXSpeechManager.dylib. One of the two will be used. Which one is undefined.
2014-06-06 17:55:13.190 HelloCordova[10289:70b] Cannot find executable for CFBundle 0xa3ad890 </Applications/Xcode.app/Contents/Developer/Platforms/iPhoneSimulator.platform/Developer/SDKs/iPhoneSimulator7.1.sdk/System/Library/AccessibilityBundles/CertUIFramework.axbundle> (not loaded)
2014-06-06 17:55:13.197 HelloCordova[10289:70b] Cannot find executable for CFBundle 0xa2ec3e0 </Applications/Xcode.app/Contents/Developer/Platforms/iPhoneSimulator.platform/Developer/SDKs/iPhoneSimulator7.1.sdk/System/Library/AccessibilityBundles/GeoServices.axbundle> (not loaded)
2014-06-06 17:55:13.345 HelloCordova[10289:70b] Multi-tasking -> Device: YES, App: YES
2014-06-06 17:55:13.354 HelloCordova[10289:70b] Unlimited access to network resources
2014-06-06 17:55:13.380 HelloCordova[10289:70b] [CDVTimer][keyboard] 0.108004ms
2014-06-06 17:55:13.381 HelloCordova[10289:70b] CDVPlugin class CDVStatusBar (pluginName: statusbar) does not exist.
2014-06-06 17:55:13.381 HelloCordova[10289:70b] [CDVTimer][statusbar] 0.470996ms
2014-06-06 17:55:13.382 HelloCordova[10289:70b] [CDVTimer][TotalPluginStartup] 1.644015ms
2014-06-06 17:55:13.806 HelloCordova[10289:70b] Resetting plugins due to page load.
2014-06-06 17:55:14.018 HelloCordova[10289:70b] Finished load of: file:///Users/lenni/Library/Application%20Support/iPhone%20Simulator/7.1/Applications/1819EA19-F530-41B2-A6EC-05B36C957AB6/HelloCordova.app/www/index.html
2014-06-06 17:55:14.154 HelloCordova[10289:70b] *** Assertion failure in -[UIApplication runModal:](), /SourceCache/UIKit_Sim/UIKit-2935.137/UIApplication.m:9585
2014-06-06 17:55:14.155 HelloCordova[10289:70b] *** WebKit discarded an uncaught exception in the webView:runJavaScriptAlertPanelWithMessage:initiatedByFrame: delegate: <NSInternalInconsistencyException> The view passed in does not have a window.
2014-06-06 17:55:14.311 HelloCordova[10289:70b] *** Assertion failure in -[UIApplication runModal:](), /SourceCache/UIKit_Sim/UIKit-2935.137/UIApplication.m:9585
2014-06-06 17:55:14.312 HelloCordova[10289:70b] *** WebKit discarded an uncaught exception in the webView:runJavaScriptAlertPanelWithMessage:initiatedByFrame: delegate: <NSInternalInconsistencyException> The view passed in does not have a window.
objc[10672]: Class AXEmojiUtilities is implemented in both /Applications/Xcode.app/Contents/Developer/Platforms/iPhoneSimulator.platform/Developer/SDKs/iPhoneSimulator7.1.sdk/System/Library/PrivateFrameworks/AccessibilityUtilities.framework/AccessibilityUtilities and /Applications/Xcode.app/Contents/Developer/Platforms/iPhoneSimulator.platform/Developer/SDKs/iPhoneSimulator7.1.sdk/usr/lib/libAXSpeechManager.dylib. One of the two will be used. Which one is undefined.
2014-06-06 18:00:50.845 HelloCordova[10672:70b] Cannot find executable for CFBundle 0xa26ce60 </Applications/Xcode.app/Contents/Developer/Platforms/iPhoneSimulator.platform/Developer/SDKs/iPhoneSimulator7.1.sdk/System/Library/AccessibilityBundles/CertUIFramework.axbundle> (not loaded)
2014-06-06 18:00:50.886 HelloCordova[10672:70b] Cannot find executable for CFBundle 0xa27f030 </Applications/Xcode.app/Contents/Developer/Platforms/iPhoneSimulator.platform/Developer/SDKs/iPhoneSimulator7.1.sdk/System/Library/AccessibilityBundles/GeoServices.axbundle> (not loaded)
2014-06-06 18:00:50.930 HelloCordova[10672:70b] Multi-tasking -> Device: YES, App: YES
2014-06-06 18:00:50.939 HelloCordova[10672:70b] Unlimited access to network resources
2014-06-06 18:00:50.966 HelloCordova[10672:70b] [CDVTimer][keyboard] 0.106990ms
2014-06-06 18:00:50.967 HelloCordova[10672:70b] CDVPlugin class CDVStatusBar (pluginName: statusbar) does not exist.
2014-06-06 18:00:50.968 HelloCordova[10672:70b] [CDVTimer][statusbar] 0.473976ms
2014-06-06 18:00:50.968 HelloCordova[10672:70b] [CDVTimer][TotalPluginStartup] 1.666009ms
2014-06-06 18:00:51.193 HelloCordova[10672:70b] Resetting plugins due to page load.
2014-06-06 18:00:51.426 HelloCordova[10672:70b] Finished load of: file:///Users/lenni/Library/Application%20Support/iPhone%20Simulator/7.1/Applications/1819EA19-F530-41B2-A6EC-05B36C957AB6/HelloCordova.app/www/index.html
2014-06-06 18:00:51.536 HelloCordova[10672:70b] *** Assertion failure in -[UIApplication runModal:](), /SourceCache/UIKit_Sim/UIKit-2935.137/UIApplication.m:9585
2014-06-06 18:00:51.537 HelloCordova[10672:70b] *** WebKit discarded an uncaught exception in the webView:runJavaScriptAlertPanelWithMessage:initiatedByFrame: delegate: <NSInternalInconsistencyException> The view passed in does not have a window.
2014-06-06 18:00:51.668 HelloCordova[10672:70b] *** Assertion failure in -[UIApplication runModal:](), /SourceCache/UIKit_Sim/UIKit-2935.137/UIApplication.m:9585
2014-06-06 18:00:51.669 HelloCordova[10672:70b] *** WebKit discarded an uncaught exception in the webView:runJavaScriptAlertPanelWithMessage:initiatedByFrame: delegate: <NSInternalInconsistencyException> The view passed in does not have a window.
objc[10844]: Class AXEmojiUtilities is implemented in both /Applications/Xcode.app/Contents/Developer/Platforms/iPhoneSimulator.platform/Developer/SDKs/iPhoneSimulator7.1.sdk/System/Library/PrivateFrameworks/AccessibilityUtilities.framework/AccessibilityUtilities and /Applications/Xcode.app/Contents/Developer/Platforms/iPhoneSimulator.platform/Developer/SDKs/iPhoneSimulator7.1.sdk/usr/lib/libAXSpeechManager.dylib. One of the two will be used. Which one is undefined.
2014-06-06 18:01:34.993 HelloCordova[10844:70b] Cannot find executable for CFBundle 0xa293d00 </Applications/Xcode.app/Contents/Developer/Platforms/iPhoneSimulator.platform/Developer/SDKs/iPhoneSimulator7.1.sdk/System/Library/AccessibilityBundles/CertUIFramework.axbundle> (not loaded)
2014-06-06 18:01:35.002 HelloCordova[10844:70b] Cannot find executable for CFBundle 0xa2ba720 </Applications/Xcode.app/Contents/Developer/Platforms/iPhoneSimulator.platform/Developer/SDKs/iPhoneSimulator7.1.sdk/System/Library/AccessibilityBundles/GeoServices.axbundle> (not loaded)
2014-06-06 18:01:35.217 HelloCordova[10844:70b] Multi-tasking -> Device: YES, App: YES
2014-06-06 18:01:35.226 HelloCordova[10844:70b] Unlimited access to network resources
2014-06-06 18:01:35.252 HelloCordova[10844:70b] [CDVTimer][keyboard] 0.109971ms
2014-06-06 18:01:35.253 HelloCordova[10844:70b] CDVPlugin class CDVStatusBar (pluginName: statusbar) does not exist.
2014-06-06 18:01:35.253 HelloCordova[10844:70b] [CDVTimer][statusbar] 0.464022ms
2014-06-06 18:01:35.254 HelloCordova[10844:70b] [CDVTimer][TotalPluginStartup] 1.689970ms
2014-06-06 18:01:35.616 HelloCordova[10844:70b] Resetting plugins due to page load.
2014-06-06 18:01:35.813 HelloCordova[10844:70b] Finished load of: file:///Users/lenni/Library/Application%20Support/iPhone%20Simulator/7.1/Applications/1819EA19-F530-41B2-A6EC-05B36C957AB6/HelloCordova.app/www/index.html
2014-06-06 18:01:35.917 HelloCordova[10844:70b] *** Assertion failure in -[UIApplication runModal:](), /SourceCache/UIKit_Sim/UIKit-2935.137/UIApplication.m:9585
2014-06-06 18:01:35.918 HelloCordova[10844:70b] *** WebKit discarded an uncaught exception in the webView:runJavaScriptAlertPanelWithMessage:initiatedByFrame: delegate: <NSInternalInconsistencyException> The view passed in does not have a window.
2014-06-06 18:01:36.709 HelloCordova[10844:70b] *** Assertion failure in -[UIApplication runModal:](), /SourceCache/UIKit_Sim/UIKit-2935.137/UIApplication.m:9585
2014-06-06 18:01:36.709 HelloCordova[10844:70b] *** WebKit discarded an uncaught exception in the webView:runJavaScriptAlertPanelWithMessage:initiatedByFrame: delegate: <NSInternalInconsistencyException> The view passed in does not have a window.
objc[11015]: Class AXEmojiUtilities is implemented in both /Applications/Xcode.app/Contents/Developer/Platforms/iPhoneSimulator.platform/Developer/SDKs/iPhoneSimulator7.1.sdk/System/Library/PrivateFrameworks/AccessibilityUtilities.framework/AccessibilityUtilities and /Applications/Xcode.app/Contents/Developer/Platforms/iPhoneSimulator.platform/Developer/SDKs/iPhoneSimulator7.1.sdk/usr/lib/libAXSpeechManager.dylib. One of the two will be used. Which one is undefined.
2014-06-06 18:02:08.540 HelloCordova[11015:70b] Cannot find executable for CFBundle 0xa3ac4f0 </Applications/Xcode.app/Contents/Developer/Platforms/iPhoneSimulator.platform/Developer/SDKs/iPhoneSimulator7.1.sdk/System/Library/AccessibilityBundles/CertUIFramework.axbundle> (not loaded)
2014-06-06 18:02:08.547 HelloCordova[11015:70b] Cannot find executable for CFBundle 0xa2c4ee0 </Applications/Xcode.app/Contents/Developer/Platforms/iPhoneSimulator.platform/Developer/SDKs/iPhoneSimulator7.1.sdk/System/Library/AccessibilityBundles/GeoServices.axbundle> (not loaded)
2014-06-06 18:02:09.087 HelloCordova[11015:70b] Multi-tasking -> Device: YES, App: YES
2014-06-06 18:02:09.096 HelloCordova[11015:70b] Unlimited access to network resources
2014-06-06 18:02:09.122 HelloCordova[11015:70b] [CDVTimer][keyboard] 0.110030ms
2014-06-06 18:02:09.122 HelloCordova[11015:70b] CDVPlugin class CDVStatusBar (pluginName: statusbar) does not exist.
2014-06-06 18:02:09.123 HelloCordova[11015:70b] [CDVTimer][statusbar] 0.473976ms
2014-06-06 18:02:09.123 HelloCordova[11015:70b] [CDVTimer][TotalPluginStartup] 1.630008ms
2014-06-06 18:02:09.524 HelloCordova[11015:70b] Resetting plugins due to page load.
2014-06-06 18:02:09.720 HelloCordova[11015:70b] Finished load of: file:///Users/lenni/Library/Application%20Support/iPhone%20Simulator/7.1/Applications/1819EA19-F530-41B2-A6EC-05B36C957AB6/HelloCordova.app/www/index.html
2014-06-06 18:02:09.828 HelloCordova[11015:70b] *** Assertion failure in -[UIApplication runModal:](), /SourceCache/UIKit_Sim/UIKit-2935.137/UIApplication.m:9585
2014-06-06 18:02:09.829 HelloCordova[11015:70b] *** WebKit discarded an uncaught exception in the webView:runJavaScriptAlertPanelWithMessage:initiatedByFrame: delegate: <NSInternalInconsistencyException> The view passed in does not have a window.
2014-06-06 18:02:10.735 HelloCordova[11015:70b] *** Assertion failure in -[UIApplication runModal:](), /SourceCache/UIKit_Sim/UIKit-2935.137/UIApplication.m:9585
2014-06-06 18:02:10.736 HelloCordova[11015:70b] *** WebKit discarded an uncaught exception in the webView:runJavaScriptAlertPanelWithMessage:initiatedByFrame: delegate: <NSInternalInconsistencyException> The view passed in does not have a window.
objc[11386]: Class AXEmojiUtilities is implemented in both /Applications/Xcode.app/Contents/Developer/Platforms/iPhoneSimulator.platform/Developer/SDKs/iPhoneSimulator7.1.sdk/System/Library/PrivateFrameworks/AccessibilityUtilities.framework/AccessibilityUtilities and /Applications/Xcode.app/Contents/Developer/Platforms/iPhoneSimulator.platform/Developer/SDKs/iPhoneSimulator7.1.sdk/usr/lib/libAXSpeechManager.dylib. One of the two will be used. Which one is undefined.
2014-06-06 18:03:08.515 HelloCordova[11386:70b] Cannot find executable for CFBundle 0xa23b6e0 </Applications/Xcode.app/Contents/Developer/Platforms/iPhoneSimulator.platform/Developer/SDKs/iPhoneSimulator7.1.sdk/System/Library/AccessibilityBundles/GeoServices.axbundle> (not loaded)
2014-06-06 18:03:08.523 HelloCordova[11386:70b] Cannot find executable for CFBundle 0xa38e860 </Applications/Xcode.app/Contents/Developer/Platforms/iPhoneSimulator.platform/Developer/SDKs/iPhoneSimulator7.1.sdk/System/Library/AccessibilityBundles/CertUIFramework.axbundle> (not loaded)
2014-06-06 18:03:08.614 HelloCordova[11386:70b] Multi-tasking -> Device: YES, App: YES
2014-06-06 18:03:08.623 HelloCordova[11386:70b] Unlimited access to network resources
2014-06-06 18:03:08.649 HelloCordova[11386:70b] [CDVTimer][keyboard] 0.115991ms
2014-06-06 18:03:08.649 HelloCordova[11386:70b] CDVPlugin class CDVStatusBar (pluginName: statusbar) does not exist.
2014-06-06 18:03:08.650 HelloCordova[11386:70b] [CDVTimer][statusbar] 0.436008ms
2014-06-06 18:03:08.650 HelloCordova[11386:70b] [CDVTimer][TotalPluginStartup] 1.618981ms
2014-06-06 18:03:08.793 HelloCordova[11386:70b] Resetting plugins due to page load.
2014-06-06 18:03:09.095 HelloCordova[11386:70b] Finished load of: file:///Users/lenni/Library/Application%20Support/iPhone%20Simulator/7.1/Applications/1819EA19-F530-41B2-A6EC-05B36C957AB6/HelloCordova.app/www/index.html
2014-06-06 18:03:10.088 HelloCordova[11386:70b] *** Assertion failure in -[UIApplication runModal:](), /SourceCache/UIKit_Sim/UIKit-2935.137/UIApplication.m:9585
2014-06-06 18:03:10.089 HelloCordova[11386:70b] *** WebKit discarded an uncaught exception in the webView:runJavaScriptAlertPanelWithMessage:initiatedByFrame: delegate: <NSInternalInconsistencyException> The view passed in does not have a window.
2014-06-06 18:03:44.112 HelloCordova[11386:70b] locationManager::didFailWithError (null)
objc[11594]: Class AXEmojiUtilities is implemented in both /Applications/Xcode.app/Contents/Developer/Platforms/iPhoneSimulator.platform/Developer/SDKs/iPhoneSimulator7.1.sdk/System/Library/PrivateFrameworks/AccessibilityUtilities.framework/AccessibilityUtilities and /Applications/Xcode.app/Contents/Developer/Platforms/iPhoneSimulator.platform/Developer/SDKs/iPhoneSimulator7.1.sdk/usr/lib/libAXSpeechManager.dylib. One of the two will be used. Which one is undefined.
2014-06-06 18:06:57.774 HelloCordova[11594:70b] Cannot find executable for CFBundle 0xa26d330 </Applications/Xcode.app/Contents/Developer/Platforms/iPhoneSimulator.platform/Developer/SDKs/iPhoneSimulator7.1.sdk/System/Library/AccessibilityBundles/CertUIFramework.axbundle> (not loaded)
2014-06-06 18:06:57.793 HelloCordova[11594:70b] Cannot find executable for CFBundle 0xa3a0c60 </Applications/Xcode.app/Contents/Developer/Platforms/iPhoneSimulator.platform/Developer/SDKs/iPhoneSimulator7.1.sdk/System/Library/AccessibilityBundles/GeoServices.axbundle> (not loaded)
2014-06-06 18:06:57.997 HelloCordova[11594:70b] Multi-tasking -> Device: YES, App: YES
2014-06-06 18:06:58.006 HelloCordova[11594:70b] Unlimited access to network resources
2014-06-06 18:06:58.061 HelloCordova[11594:70b] [CDVTimer][keyboard] 0.129044ms
2014-06-06 18:06:58.062 HelloCordova[11594:70b] CDVPlugin class CDVStatusBar (pluginName: statusbar) does not exist.
2014-06-06 18:06:58.062 HelloCordova[11594:70b] [CDVTimer][statusbar] 0.454009ms
2014-06-06 18:06:58.062 HelloCordova[11594:70b] [CDVTimer][TotalPluginStartup] 1.630008ms
objc[11807]: Class AXEmojiUtilities is implemented in both /Applications/Xcode.app/Contents/Developer/Platforms/iPhoneSimulator.platform/Developer/SDKs/iPhoneSimulator7.1.sdk/System/Library/PrivateFrameworks/AccessibilityUtilities.framework/AccessibilityUtilities and /Applications/Xcode.app/Contents/Developer/Platforms/iPhoneSimulator.platform/Developer/SDKs/iPhoneSimulator7.1.sdk/usr/lib/libAXSpeechManager.dylib. One of the two will be used. Which one is undefined.
2014-06-06 18:07:56.278 HelloCordova[11807:70b] Cannot find executable for CFBundle 0xa284930 </Applications/Xcode.app/Contents/Developer/Platforms/iPhoneSimulator.platform/Developer/SDKs/iPhoneSimulator7.1.sdk/System/Library/AccessibilityBundles/CertUIFramework.axbundle> (not loaded)
2014-06-06 18:07:56.321 HelloCordova[11807:70b] Cannot find executable for CFBundle 0xa345d30 </Applications/Xcode.app/Contents/Developer/Platforms/iPhoneSimulator.platform/Developer/SDKs/iPhoneSimulator7.1.sdk/System/Library/AccessibilityBundles/GeoServices.axbundle> (not loaded)
2014-06-06 18:07:56.396 HelloCordova[11807:70b] Multi-tasking -> Device: YES, App: YES
2014-06-06 18:07:56.405 HelloCordova[11807:70b] Unlimited access to network resources
2014-06-06 18:07:56.455 HelloCordova[11807:70b] [CDVTimer][keyboard] 0.115991ms
2014-06-06 18:07:56.456 HelloCordova[11807:70b] CDVPlugin class CDVStatusBar (pluginName: statusbar) does not exist.
2014-06-06 18:07:56.456 HelloCordova[11807:70b] [CDVTimer][statusbar] 0.517011ms
2014-06-06 18:07:56.457 HelloCordova[11807:70b] [CDVTimer][TotalPluginStartup] 1.726985ms
2014-06-06 18:07:56.672 HelloCordova[11807:70b] Resetting plugins due to page load.
2014-06-06 18:07:57.201 HelloCordova[11807:70b] Finished load of: file:///Users/lenni/Library/Application%20Support/iPhone%20Simulator/7.1/Applications/1819EA19-F530-41B2-A6EC-05B36C957AB6/HelloCordova.app/www/index.html
2014-06-06 18:07:57.919 HelloCordova[11807:70b] *** Assertion failure in -[UIApplication runModal:](), /SourceCache/UIKit_Sim/UIKit-2935.137/UIApplication.m:9585
2014-06-06 18:07:57.920 HelloCordova[11807:70b] *** WebKit discarded an uncaught exception in the webView:runJavaScriptAlertPanelWithMessage:initiatedByFrame: delegate: <NSInternalInconsistencyException> The view passed in does not have a window.
2014-06-06 18:07:58.814 HelloCordova[11807:70b] *** Assertion failure in -[UIApplication runModal:](), /SourceCache/UIKit_Sim/UIKit-2935.137/UIApplication.m:9585
2014-06-06 18:07:58.815 HelloCordova[11807:70b] *** WebKit discarded an uncaught exception in the webView:runJavaScriptAlertPanelWithMessage:initiatedByFrame: delegate: <NSInternalInconsistencyException> The view passed in does not have a window.
2014-06-06 18:08:04.094 HelloCordova[11807:70b] *** Assertion failure in -[UIApplication runModal:](), /SourceCache/UIKit_Sim/UIKit-2935.137/UIApplication.m:9585
2014-06-06 18:08:04.095 HelloCordova[11807:70b] *** WebKit discarded an uncaught exception in the webView:runJavaScriptAlertPanelWithMessage:initiatedByFrame: delegate: <NSInternalInconsistencyException> The view passed in does not have a window.
2014-06-06 18:08:08.091 HelloCordova[11807:70b] *** Assertion failure in -[UIApplication runModal:](), /SourceCache/UIKit_Sim/UIKit-2935.137/UIApplication.m:9585
2014-06-06 18:08:08.091 HelloCordova[11807:70b] *** WebKit discarded an uncaught exception in the webView:runJavaScriptAlertPanelWithMessage:initiatedByFrame: delegate: <NSInternalInconsistencyException> The view passed in does not have a window.
2014-06-06 18:08:12.127 HelloCordova[11807:70b] *** Assertion failure in -[UIApplication runModal:](), /SourceCache/UIKit_Sim/UIKit-2935.137/UIApplication.m:9585
2014-06-06 18:08:12.128 HelloCordova[11807:70b] *** WebKit discarded an uncaught exception in the webView:runJavaScriptAlertPanelWithMessage:initiatedByFrame: delegate: <NSInternalInconsistencyException> The view passed in does not have a window.
2014-06-06 18:08:14.093 HelloCordova[11807:70b] *** Assertion failure in -[UIApplication runModal:](), /SourceCache/UIKit_Sim/UIKit-2935.137/UIApplication.m:9585
2014-06-06 18:08:14.094 HelloCordova[11807:70b] *** WebKit discarded an uncaught exception in the webView:runJavaScriptAlertPanelWithMessage:initiatedByFrame: delegate: <NSInternalInconsistencyException> The view passed in does not have a window.
2014-06-06 18:08:18.096 HelloCordova[11807:70b] *** Assertion failure in -[UIApplication runModal:](), /SourceCache/UIKit_Sim/UIKit-2935.137/UIApplication.m:9585
2014-06-06 18:08:18.097 HelloCordova[11807:70b] *** WebKit discarded an uncaught exception in the webView:runJavaScriptAlertPanelWithMessage:initiatedByFrame: delegate: <NSInternalInconsistencyException> The view passed in does not have a window.
2014-06-06 18:08:19.097 HelloCordova[11807:70b] *** Assertion failure in -[UIApplication runModal:](), /SourceCache/UIKit_Sim/UIKit-2935.137/UIApplication.m:9585
2014-06-06 18:08:19.098 HelloCordova[11807:70b] *** WebKit discarded an uncaught exception in the webView:runJavaScriptAlertPanelWithMessage:initiatedByFrame: delegate: <NSInternalInconsistencyException> The view passed in does not have a window.
2014-06-06 18:08:28.140 HelloCordova[11807:70b] *** Assertion failure in -[UIApplication runModal:](), /SourceCache/UIKit_Sim/UIKit-2935.137/UIApplication.m:9585
2014-06-06 18:08:28.141 HelloCordova[11807:70b] *** WebKit discarded an uncaught exception in the webView:runJavaScriptAlertPanelWithMessage:initiatedByFrame: delegate: <NSInternalInconsistencyException> The view passed in does not have a window.
2014-06-06 18:08:29.106 HelloCordova[11807:70b] *** Assertion failure in -[UIApplication runModal:](), /SourceCache/UIKit_Sim/UIKit-2935.137/UIApplication.m:9585
2014-06-06 18:08:29.107 HelloCordova[11807:70b] *** WebKit discarded an uncaught exception in the webView:runJavaScriptAlertPanelWithMessage:initiatedByFrame: delegate: <NSInternalInconsistencyException> The view passed in does not have a window.
2014-06-06 18:08:30.151 HelloCordova[11807:70b] *** Assertion failure in -[UIApplication runModal:](), /SourceCache/UIKit_Sim/UIKit-2935.137/UIApplication.m:9585
2014-06-06 18:08:30.153 HelloCordova[11807:70b] *** WebKit discarded an uncaught exception in the webView:runJavaScriptAlertPanelWithMessage:initiatedByFrame: delegate: <NSInternalInconsistencyException> The view passed in does not have a window.
2014-06-06 18:08:31.158 HelloCordova[11807:70b] *** Assertion failure in -[UIApplication runModal:](), /SourceCache/UIKit_Sim/UIKit-2935.137/UIApplication.m:9585
2014-06-06 18:08:31.159 HelloCordova[11807:70b] *** WebKit discarded an uncaught exception in the webView:runJavaScriptAlertPanelWithMessage:initiatedByFrame: delegate: <NSInternalInconsistencyException> The view passed in does not have a window.
2014-06-06 18:08:33.116 HelloCordova[11807:70b] *** Assertion failure in -[UIApplication runModal:](), /SourceCache/UIKit_Sim/UIKit-2935.137/UIApplication.m:9585
2014-06-06 18:08:33.117 HelloCordova[11807:70b] *** WebKit discarded an uncaught exception in the webView:runJavaScriptAlertPanelWithMessage:initiatedByFrame: delegate: <NSInternalInconsistencyException> The view passed in does not have a window.
2014-06-06 18:08:34.144 HelloCordova[11807:70b] *** Assertion failure in -[UIApplication runModal:](), /SourceCache/UIKit_Sim/UIKit-2935.137/UIApplication.m:9585
2014-06-06 18:08:34.145 HelloCordova[11807:70b] *** WebKit discarded an uncaught exception in the webView:runJavaScriptAlertPanelWithMessage:initiatedByFrame: delegate: <NSInternalInconsistencyException> The view passed in does not have a window.
2014-06-06 18:08:35.159 HelloCordova[11807:70b] *** Assertion failure in -[UIApplication runModal:](), /SourceCache/UIKit_Sim/UIKit-2935.137/UIApplication.m:9585
2014-06-06 18:08:35.160 HelloCordova[11807:70b] *** WebKit discarded an uncaught exception in the webView:runJavaScriptAlertPanelWithMessage:initiatedByFrame: delegate: <NSInternalInconsistencyException> The view passed in does not have a window.
2014-06-06 18:08:38.156 HelloCordova[11807:70b] *** Assertion failure in -[UIApplication runModal:](), /SourceCache/UIKit_Sim/UIKit-2935.137/UIApplication.m:9585
2014-06-06 18:08:38.157 HelloCordova[11807:70b] *** WebKit discarded an uncaught exception in the webView:runJavaScriptAlertPanelWithMessage:initiatedByFrame: delegate: <NSInternalInconsistencyException> The view passed in does not have a window.
2014-06-06 18:08:40.140 HelloCordova[11807:70b] *** Assertion failure in -[UIApplication runModal:](), /SourceCache/UIKit_Sim/UIKit-2935.137/UIApplication.m:9585
2014-06-06 18:08:40.141 HelloCordova[11807:70b] *** WebKit discarded an uncaught exception in the webView:runJavaScriptAlertPanelWithMessage:initiatedByFrame: delegate: <NSInternalInconsistencyException> The view passed in does not have a window.
2014-06-06 18:08:43.116 HelloCordova[11807:70b] *** Assertion failure in -[UIApplication runModal:](), /SourceCache/UIKit_Sim/UIKit-2935.137/UIApplication.m:9585
2014-06-06 18:08:43.117 HelloCordova[11807:70b] *** WebKit discarded an uncaught exception in the webView:runJavaScriptAlertPanelWithMessage:initiatedByFrame: delegate: <NSInternalInconsistencyException> The view passed in does not have a window.
2014-06-06 18:08:44.116 HelloCordova[11807:70b] *** Assertion failure in -[UIApplication runModal:](), /SourceCache/UIKit_Sim/UIKit-2935.137/UIApplication.m:9585
2014-06-06 18:08:44.117 HelloCordova[11807:70b] *** WebKit discarded an uncaught exception in the webView:runJavaScriptAlertPanelWithMessage:initiatedByFrame: delegate: <NSInternalInconsistencyException> The view passed in does not have a window.
2014-06-06 18:08:57.188 HelloCordova[11807:70b] *** Assertion failure in -[UIApplication runModal:](), /SourceCache/UIKit_Sim/UIKit-2935.137/UIApplication.m:9585
2014-06-06 18:08:57.189 HelloCordova[11807:70b] *** WebKit discarded an uncaught exception in the webView:runJavaScriptAlertPanelWithMessage:initiatedByFrame: delegate: <NSInternalInconsistencyException> The view passed in does not have a window.
2014-06-06 18:08:58.125 HelloCordova[11807:70b] *** Assertion failure in -[UIApplication runModal:](), /SourceCache/UIKit_Sim/UIKit-2935.137/UIApplication.m:9585
2014-06-06 18:08:58.126 HelloCordova[11807:70b] *** WebKit discarded an uncaught exception in the webView:runJavaScriptAlertPanelWithMessage:initiatedByFrame: delegate: <NSInternalInconsistencyException> The view passed in does not have a window.
objc[12193]: Class AXEmojiUtilities is implemented in both /Applications/Xcode.app/Contents/Developer/Platforms/iPhoneSimulator.platform/Developer/SDKs/iPhoneSimulator7.1.sdk/System/Library/PrivateFrameworks/AccessibilityUtilities.framework/AccessibilityUtilities and /Applications/Xcode.app/Contents/Developer/Platforms/iPhoneSimulator.platform/Developer/SDKs/iPhoneSimulator7.1.sdk/usr/lib/libAXSpeechManager.dylib. One of the two will be used. Which one is undefined.
2014-06-06 18:15:57.591 HelloCordova[12193:70b] Cannot find executable for CFBundle 0xa372c80 </Applications/Xcode.app/Contents/Developer/Platforms/iPhoneSimulator.platform/Developer/SDKs/iPhoneSimulator7.1.sdk/System/Library/AccessibilityBundles/CertUIFramework.axbundle> (not loaded)
2014-06-06 18:15:57.632 HelloCordova[12193:70b] Cannot find executable for CFBundle 0xa2ab5a0 </Applications/Xcode.app/Contents/Developer/Platforms/iPhoneSimulator.platform/Developer/SDKs/iPhoneSimulator7.1.sdk/System/Library/AccessibilityBundles/GeoServices.axbundle> (not loaded)
2014-06-06 18:15:58.266 HelloCordova[12193:70b] Multi-tasking -> Device: YES, App: YES
2014-06-06 18:15:58.354 HelloCordova[12193:70b] Unlimited access to network resources
2014-06-06 18:15:58.571 HelloCordova[12193:70b] [CDVTimer][keyboard] 0.114024ms
2014-06-06 18:15:58.572 HelloCordova[12193:70b] CDVPlugin class CDVStatusBar (pluginName: statusbar) does not exist.
2014-06-06 18:15:58.572 HelloCordova[12193:70b] [CDVTimer][statusbar] 0.432014ms
2014-06-06 18:15:58.573 HelloCordova[12193:70b] [CDVTimer][TotalPluginStartup] 1.601994ms
2014-06-06 18:15:59.638 HelloCordova[12193:70b] Resetting plugins due to page load.
2014-06-06 18:16:01.695 HelloCordova[12193:70b] Finished load of: file:///Users/lenni/Library/Application%20Support/iPhone%20Simulator/7.1/Applications/1819EA19-F530-41B2-A6EC-05B36C957AB6/HelloCordova.app/www/index.html
2014-06-06 18:16:01.982 HelloCordova[12193:70b] THREAD WARNING: ['Device'] took '48.834229' ms. Plugin should use a background thread.
objc[12759]: Class AXEmojiUtilities is implemented in both /Applications/Xcode.app/Contents/Developer/Platforms/iPhoneSimulator.platform/Developer/SDKs/iPhoneSimulator7.1.sdk/System/Library/PrivateFrameworks/AccessibilityUtilities.framework/AccessibilityUtilities and /Applications/Xcode.app/Contents/Developer/Platforms/iPhoneSimulator.platform/Developer/SDKs/iPhoneSimulator7.1.sdk/usr/lib/libAXSpeechManager.dylib. One of the two will be used. Which one is undefined.
2014-06-06 18:53:42.916 HelloCordova[12759:70b] Cannot find executable for CFBundle 0xa387bd0 </Applications/Xcode.app/Contents/Developer/Platforms/iPhoneSimulator.platform/Developer/SDKs/iPhoneSimulator7.1.sdk/System/Library/AccessibilityBundles/GeoServices.axbundle> (not loaded)
2014-06-06 18:53:42.957 HelloCordova[12759:70b] Cannot find executable for CFBundle 0xa3a8b20 </Applications/Xcode.app/Contents/Developer/Platforms/iPhoneSimulator.platform/Developer/SDKs/iPhoneSimulator7.1.sdk/System/Library/AccessibilityBundles/CertUIFramework.axbundle> (not loaded)
2014-06-06 18:53:43.700 HelloCordova[12759:70b] Multi-tasking -> Device: YES, App: YES
2014-06-06 18:53:43.831 HelloCordova[12759:70b] Unlimited access to network resources
2014-06-06 18:53:43.866 HelloCordova[12759:70b] [CDVTimer][keyboard] 0.124991ms
2014-06-06 18:53:43.867 HelloCordova[12759:70b] CDVPlugin class CDVStatusBar (pluginName: statusbar) does not exist.
2014-06-06 18:53:43.867 HelloCordova[12759:70b] [CDVTimer][statusbar] 0.468016ms
2014-06-06 18:53:43.868 HelloCordova[12759:70b] [CDVTimer][TotalPluginStartup] 1.681983ms
2014-06-06 18:53:48.048 HelloCordova[12759:70b] Resetting plugins due to page load.
2014-06-06 18:53:51.368 HelloCordova[12759:70b] Finished load of: file:///Users/lenni/Library/Application%20Support/iPhone%20Simulator/7.1/Applications/1819EA19-F530-41B2-A6EC-05B36C957AB6/HelloCordova.app/www/index.html
2014-06-06 18:53:54.445 HelloCordova[12759:70b] THREAD WARNING: ['Device'] took '51.010986' ms. Plugin should use a background thread.
objc[12945]: Class AXEmojiUtilities is implemented in both /Applications/Xcode.app/Contents/Developer/Platforms/iPhoneSimulator.platform/Developer/SDKs/iPhoneSimulator7.1.sdk/System/Library/PrivateFrameworks/AccessibilityUtilities.framework/AccessibilityUtilities and /Applications/Xcode.app/Contents/Developer/Platforms/iPhoneSimulator.platform/Developer/SDKs/iPhoneSimulator7.1.sdk/usr/lib/libAXSpeechManager.dylib. One of the two will be used. Which one is undefined.
2014-06-06 18:55:00.785 HelloCordova[12945:70b] Cannot find executable for CFBundle 0xa351ad0 </Applications/Xcode.app/Contents/Developer/Platforms/iPhoneSimulator.platform/Developer/SDKs/iPhoneSimulator7.1.sdk/System/Library/AccessibilityBundles/GeoServices.axbundle> (not loaded)
2014-06-06 18:55:00.800 HelloCordova[12945:70b] Cannot find executable for CFBundle 0xa375750 </Applications/Xcode.app/Contents/Developer/Platforms/iPhoneSimulator.platform/Developer/SDKs/iPhoneSimulator7.1.sdk/System/Library/AccessibilityBundles/CertUIFramework.axbundle> (not loaded)
2014-06-06 18:55:01.055 HelloCordova[12945:70b] Multi-tasking -> Device: YES, App: YES
2014-06-06 18:55:01.075 HelloCordova[12945:70b] Unlimited access to network resources
2014-06-06 18:55:01.117 HelloCordova[12945:70b] [CDVTimer][keyboard] 0.106037ms
2014-06-06 18:55:01.118 HelloCordova[12945:70b] CDVPlugin class CDVStatusBar (pluginName: statusbar) does not exist.
2014-06-06 18:55:01.119 HelloCordova[12945:70b] [CDVTimer][statusbar] 0.651002ms
2014-06-06 18:55:01.119 HelloCordova[12945:70b] [CDVTimer][TotalPluginStartup] 1.836956ms
2014-06-06 18:55:02.050 HelloCordova[12945:70b] Resetting plugins due to page load.
2014-06-06 18:55:02.443 HelloCordova[12945:70b] Finished load of: file:///Users/lenni/Library/Application%20Support/iPhone%20Simulator/7.1/Applications/1819EA19-F530-41B2-A6EC-05B36C957AB6/HelloCordova.app/www/index.html
objc[13244]: Class AXEmojiUtilities is implemented in both /Applications/Xcode.app/Contents/Developer/Platforms/iPhoneSimulator.platform/Developer/SDKs/iPhoneSimulator7.1.sdk/System/Library/PrivateFrameworks/AccessibilityUtilities.framework/AccessibilityUtilities and /Applications/Xcode.app/Contents/Developer/Platforms/iPhoneSimulator.platform/Developer/SDKs/iPhoneSimulator7.1.sdk/usr/lib/libAXSpeechManager.dylib. One of the two will be used. Which one is undefined.
2014-06-06 18:56:32.358 HelloCordova[13244:70b] Cannot find executable for CFBundle 0xa2b30f0 </Applications/Xcode.app/Contents/Developer/Platforms/iPhoneSimulator.platform/Developer/SDKs/iPhoneSimulator7.1.sdk/System/Library/AccessibilityBundles/CertUIFramework.axbundle> (not loaded)
2014-06-06 18:56:32.368 HelloCordova[13244:70b] Cannot find executable for CFBundle 0xa3b76d0 </Applications/Xcode.app/Contents/Developer/Platforms/iPhoneSimulator.platform/Developer/SDKs/iPhoneSimulator7.1.sdk/System/Library/AccessibilityBundles/GeoServices.axbundle> (not loaded)
2014-06-06 18:56:32.445 HelloCordova[13244:70b] Multi-tasking -> Device: YES, App: YES
2014-06-06 18:56:32.454 HelloCordova[13244:70b] Unlimited access to network resources
2014-06-06 18:56:32.538 HelloCordova[13244:70b] [CDVTimer][keyboard] 0.115991ms
2014-06-06 18:56:32.539 HelloCordova[13244:70b] CDVPlugin class CDVStatusBar (pluginName: statusbar) does not exist.
2014-06-06 18:56:32.540 HelloCordova[13244:70b] [CDVTimer][statusbar] 0.945985ms
2014-06-06 18:56:32.540 HelloCordova[13244:70b] [CDVTimer][TotalPluginStartup] 2.520025ms
2014-06-06 18:56:32.618 HelloCordova[13244:70b] Resetting plugins due to page load.
2014-06-06 18:56:33.263 HelloCordova[13244:70b] Finished load of: file:///Users/lenni/Library/Application%20Support/iPhone%20Simulator/7.1/Applications/1819EA19-F530-41B2-A6EC-05B36C957AB6/HelloCordova.app/www/index.html
objc[13439]: Class AXEmojiUtilities is implemented in both /Applications/Xcode.app/Contents/Developer/Platforms/iPhoneSimulator.platform/Developer/SDKs/iPhoneSimulator7.1.sdk/System/Library/PrivateFrameworks/AccessibilityUtilities.framework/AccessibilityUtilities and /Applications/Xcode.app/Contents/Developer/Platforms/iPhoneSimulator.platform/Developer/SDKs/iPhoneSimulator7.1.sdk/usr/lib/libAXSpeechManager.dylib. One of the two will be used. Which one is undefined.
2014-06-06 18:58:58.280 HelloCordova[13439:70b] Cannot find executable for CFBundle 0xa39e310 </Applications/Xcode.app/Contents/Developer/Platforms/iPhoneSimulator.platform/Developer/SDKs/iPhoneSimulator7.1.sdk/System/Library/AccessibilityBundles/CertUIFramework.axbundle> (not loaded)
2014-06-06 18:58:58.297 HelloCordova[13439:70b] Cannot find executable for CFBundle 0xa3d9f60 </Applications/Xcode.app/Contents/Developer/Platforms/iPhoneSimulator.platform/Developer/SDKs/iPhoneSimulator7.1.sdk/System/Library/AccessibilityBundles/GeoServices.axbundle> (not loaded)
2014-06-06 18:58:58.590 HelloCordova[13439:70b] Multi-tasking -> Device: YES, App: YES
2014-06-06 18:58:58.600 HelloCordova[13439:70b] Unlimited access to network resources
2014-06-06 18:58:58.654 HelloCordova[13439:70b] [CDVTimer][keyboard] 0.111997ms
2014-06-06 18:58:58.654 HelloCordova[13439:70b] CDVPlugin class CDVStatusBar (pluginName: statusbar) does not exist.
2014-06-06 18:58:58.655 HelloCordova[13439:70b] [CDVTimer][statusbar] 0.648975ms
2014-06-06 18:58:58.655 HelloCordova[13439:70b] [CDVTimer][TotalPluginStartup] 1.850963ms
objc[13621]: Class AXEmojiUtilities is implemented in both /Applications/Xcode.app/Contents/Developer/Platforms/iPhoneSimulator.platform/Developer/SDKs/iPhoneSimulator7.1.sdk/System/Library/PrivateFrameworks/AccessibilityUtilities.framework/AccessibilityUtilities and /Applications/Xcode.app/Contents/Developer/Platforms/iPhoneSimulator.platform/Developer/SDKs/iPhoneSimulator7.1.sdk/usr/lib/libAXSpeechManager.dylib. One of the two will be used. Which one is undefined.
2014-06-06 19:00:12.980 HelloCordova[13621:70b] Cannot find executable for CFBundle 0xa272460 </Applications/Xcode.app/Contents/Developer/Platforms/iPhoneSimulator.platform/Developer/SDKs/iPhoneSimulator7.1.sdk/System/Library/AccessibilityBundles/GeoServices.axbundle> (not loaded)
2014-06-06 19:00:12.994 HelloCordova[13621:70b] Cannot find executable for CFBundle 0xa29c790 </Applications/Xcode.app/Contents/Developer/Platforms/iPhoneSimulator.platform/Developer/SDKs/iPhoneSimulator7.1.sdk/System/Library/AccessibilityBundles/CertUIFramework.axbundle> (not loaded)
2014-06-06 19:00:13.228 HelloCordova[13621:70b] Multi-tasking -> Device: YES, App: YES
2014-06-06 19:00:13.238 HelloCordova[13621:70b] Unlimited access to network resources
2014-06-06 19:00:13.283 HelloCordova[13621:70b] [CDVTimer][keyboard] 0.117004ms
2014-06-06 19:00:13.283 HelloCordova[13621:70b] CDVPlugin class CDVStatusBar (pluginName: statusbar) does not exist.
2014-06-06 19:00:13.284 HelloCordova[13621:70b] [CDVTimer][statusbar] 0.654995ms
2014-06-06 19:00:13.284 HelloCordova[13621:70b] [CDVTimer][TotalPluginStartup] 1.864016ms
2014-06-06 19:00:14.480 HelloCordova[13621:70b] Resetting plugins due to page load.
2014-06-06 19:00:14.860 HelloCordova[13621:70b] Finished load of: file:///Users/lenni/Library/Application%20Support/iPhone%20Simulator/7.1/Applications/1819EA19-F530-41B2-A6EC-05B36C957AB6/HelloCordova.app/www/index.html
objc[13824]: Class AXEmojiUtilities is implemented in both /Applications/Xcode.app/Contents/Developer/Platforms/iPhoneSimulator.platform/Developer/SDKs/iPhoneSimulator7.1.sdk/System/Library/PrivateFrameworks/AccessibilityUtilities.framework/AccessibilityUtilities and /Applications/Xcode.app/Contents/Developer/Platforms/iPhoneSimulator.platform/Developer/SDKs/iPhoneSimulator7.1.sdk/usr/lib/libAXSpeechManager.dylib. One of the two will be used. Which one is undefined.
2014-06-06 19:03:36.814 HelloCordova[13824:70b] Cannot find executable for CFBundle 0xa26bbd0 </Applications/Xcode.app/Contents/Developer/Platforms/iPhoneSimulator.platform/Developer/SDKs/iPhoneSimulator7.1.sdk/System/Library/AccessibilityBundles/GeoServices.axbundle> (not loaded)
2014-06-06 19:03:36.828 HelloCordova[13824:70b] Cannot find executable for CFBundle 0xa285850 </Applications/Xcode.app/Contents/Developer/Platforms/iPhoneSimulator.platform/Developer/SDKs/iPhoneSimulator7.1.sdk/System/Library/AccessibilityBundles/CertUIFramework.axbundle> (not loaded)
2014-06-06 19:03:37.117 HelloCordova[13824:70b] Multi-tasking -> Device: YES, App: YES
2014-06-06 19:03:37.126 HelloCordova[13824:70b] Unlimited access to network resources
2014-06-06 19:03:37.182 HelloCordova[13824:70b] [CDVTimer][keyboard] 0.111997ms
2014-06-06 19:03:37.182 HelloCordova[13824:70b] CDVPlugin class CDVStatusBar (pluginName: statusbar) does not exist.
2014-06-06 19:03:37.183 HelloCordova[13824:70b] [CDVTimer][statusbar] 0.729978ms
2014-06-06 19:03:37.184 HelloCordova[13824:70b] [CDVTimer][TotalPluginStartup] 1.951039ms
2014-06-06 19:03:38.146 HelloCordova[13824:70b] Resetting plugins due to page load.
2014-06-06 19:03:38.516 HelloCordova[13824:70b] Finished load of: file:///Users/lenni/Library/Application%20Support/iPhone%20Simulator/7.1/Applications/1819EA19-F530-41B2-A6EC-05B36C957AB6/HelloCordova.app/www/index.html
objc[14189]: Class AXEmojiUtilities is implemented in both /Applications/Xcode.app/Contents/Developer/Platforms/iPhoneSimulator.platform/Developer/SDKs/iPhoneSimulator7.1.sdk/System/Library/PrivateFrameworks/AccessibilityUtilities.framework/AccessibilityUtilities and /Applications/Xcode.app/Contents/Developer/Platforms/iPhoneSimulator.platform/Developer/SDKs/iPhoneSimulator7.1.sdk/usr/lib/libAXSpeechManager.dylib. One of the two will be used. Which one is undefined.
2014-06-06 19:21:42.093 HelloCordova[14189:70b] Cannot find executable for CFBundle 0xa3bf110 </Applications/Xcode.app/Contents/Developer/Platforms/iPhoneSimulator.platform/Developer/SDKs/iPhoneSimulator7.1.sdk/System/Library/AccessibilityBundles/GeoServices.axbundle> (not loaded)
2014-06-06 19:21:42.108 HelloCordova[14189:70b] Cannot find executable for CFBundle 0xa2a0e40 </Applications/Xcode.app/Contents/Developer/Platforms/iPhoneSimulator.platform/Developer/SDKs/iPhoneSimulator7.1.sdk/System/Library/AccessibilityBundles/CertUIFramework.axbundle> (not loaded)
2014-06-06 19:21:42.272 HelloCordova[14189:70b] Multi-tasking -> Device: YES, App: YES
2014-06-06 19:21:42.281 HelloCordova[14189:70b] Unlimited access to network resources
2014-06-06 19:21:42.309 HelloCordova[14189:70b] [CDVTimer][keyboard] 0.119030ms
2014-06-06 19:21:42.310 HelloCordova[14189:70b] CDVPlugin class CDVStatusBar (pluginName: statusbar) does not exist.
2014-06-06 19:21:42.310 HelloCordova[14189:70b] [CDVTimer][statusbar] 0.491023ms
2014-06-06 19:21:42.311 HelloCordova[14189:70b] [CDVTimer][TotalPluginStartup] 1.809001ms
2014-06-06 19:21:42.583 HelloCordova[14189:70b] Resetting plugins due to page load.
2014-06-06 19:21:42.906 HelloCordova[14189:70b] Finished load of: file:///Users/lenni/Library/Application%20Support/iPhone%20Simulator/7.1/Applications/1819EA19-F530-41B2-A6EC-05B36C957AB6/HelloCordova.app/www/index.html
